
comp : Tex_RunLaTeX: compiling to target [pdf]
comp : Tex_RunLaTeX: getting dependency chain = [pdf]
comp : +Tex_SetTeXCompilerTarget: setting target to [pdf] for Compiler
comp : Tex_RunLaTeX: setting target to pdf
comp : Tex_RunLaTeX: compiling file once via Tex_CompileLatex
comp : Tex_CompileLatex: getting mainfname = [QPM.tex] from Tex_GetMainFileName
comp : Tex_CompileLatex: execing [make! QPM.tex]
comp : Tex_RunLaTeX: compiling to target [pdf]
comp : Tex_RunLaTeX: getting dependency chain = [pdf]
comp : +Tex_SetTeXCompilerTarget: setting target to [pdf] for Compiler
comp : Tex_RunLaTeX: setting target to pdf
comp : Tex_RunLaTeX: compiling file once via Tex_CompileLatex
comp : Tex_CompileLatex: getting mainfname = [dbaffine.tex] from Tex_GetMainFileName
comp : Tex_CompileLatex: execing [make! dbaffine.tex]
comp : Tex_RunLaTeX: errlist = [
 1 dbaffine.tex:2 error: LaTeX Error: Environment tikzpicture undefined.
 2 dbaffine.tex:4 error: Undefined control sequence. \definecolor {darkgray176}{RGB}{176,176,176}
 3 dbaffine.tex:4 error: LaTeX Error: Missing \begin{document}.
 4 dbaffine.tex:5 error: Undefined control sequence. \definecolor {limegreen018569}{RGB}{0,185,69}
 5 dbaffine.tex:6 error: Undefined control sequence. \definecolor {teal1293165}{RGB}{12,93,165}
 6 dbaffine.tex:8 error: LaTeX Error: Environment axis undefined.
 7 dbaffine.tex:8 error: LaTeX Error: Missing \begin{document}.
 8 dbaffine.tex:46 error: Undefined control sequence. \addplot [teal1293165, forget plot]
 9 dbaffine.tex:129 error: Undefined control sequence. \addplot [limegreen018569, dashed]
10 dbaffine.tex:212 error: Undefined control sequence. \addlegendentry {approximation affine}
11 dbaffine.tex:213 error: LaTeX Error: \begin{document} ended by \end{axis}.
12 dbaffine.tex:215 error: LaTeX Error: \begin{document} ended by \end{tikzpicture}.
13 error: Emergency stop. dbaffine.tex 
14 error:  ==> Fatal error occurred, no output PDF file produced!]
comp : Tex_RunLaTeX: There were errors in compiling, breaking chain...
comp : Tex_SetupErrorWindow: mfnlog = dbaffine.log